2023-10-03 09:01:28,779:DEBUG - base
2023-10-03 09:01:28,780:DEBUG - Settled in the house
2023-10-03 09:01:28,780:DEBUG - get_home
2023-10-03 09:01:28,780:DEBUG - I bought a car mark
2023-10-03 09:01:28,780:DEBUG - get_car
2023-10-03 09:01:28,780:DEBUG - I don't have a job,going to get a job with salary
2023-10-03 09:01:28,780:DEBUG - drive True
2023-10-03 09:01:28,780:DEBUG - get_job
2023-10-03 09:01:28,780:DEBUG - Start working
2023-10-03 09:01:28,780:DEBUG - drive True
2023-10-03 09:01:28,780:DEBUG - pass car
2023-10-03 09:01:28,781:DEBUG - Start working
2023-10-03 09:01:28,781:DEBUG - drive True
2023-10-03 09:01:28,781:DEBUG - pass car
2023-10-03 09:01:28,781:DEBUG - Let`s chill!
2023-10-03 09:01:28,781:DEBUG - Let`s chill!
2023-10-03 09:01:28,781:DEBUG - Time for treats!
2023-10-03 09:01:28,781:DEBUG - drive True
2023-10-03 09:01:28,781:DEBUG - pass car to go shopping
2023-10-03 09:01:28,782:DEBUG - Time for treats!
2023-10-03 09:01:28,782:DEBUG - drive True
2023-10-03 09:01:28,782:DEBUG - pass car to go shopping
2023-10-03 09:01:28,782:DEBUG - Time for treats!
2023-10-03 09:01:28,782:DEBUG - drive True
2023-10-03 09:01:28,782:DEBUG - pass car to go shopping
2023-10-03 09:01:28,782:DEBUG - Let`s chill!
2023-10-03 09:01:28,782:DEBUG - Start working
2023-10-03 09:01:28,782:DEBUG - drive True
2023-10-03 09:01:28,782:DEBUG - pass car
2023-10-03 09:01:28,782:DEBUG - I want to chill, butt here is somuch mess…
So I will clean the house
2023-10-03 09:01:28,782:DEBUG - Let`s chill!
2023-10-03 09:01:28,784:DEBUG - Let`s chill!
2023-10-03 09:01:28,784:DEBUG - Let`s chill!
2023-10-03 09:01:28,784:DEBUG - Cleaning time!
2023-10-03 09:01:28,784:DEBUG - Let`s chill!
2023-10-03 09:01:28,785:DEBUG - Time for treats!
2023-10-03 09:01:28,785:DEBUG - drive True
2023-10-03 09:01:28,785:DEBUG - pass car to go shopping
2023-10-03 09:01:28,785:DEBUG - Let`s chill!
2023-10-03 09:01:28,785:DEBUG - Let`s chill!
2023-10-03 09:01:28,785:DEBUG - Time for treats!
2023-10-03 09:01:28,785:DEBUG - drive True
2023-10-03 09:01:28,785:DEBUG - pass car to go shopping
2023-10-03 09:01:28,785:DEBUG - Start working
2023-10-03 09:01:28,785:DEBUG - drive True
2023-10-03 09:01:28,786:DEBUG - pass car
2023-10-03 09:01:28,786:DEBUG - I want to chill, butt here is somuch mess…
So I will clean the house
2023-10-03 09:01:28,786:DEBUG - Let`s chill!
2023-10-03 09:01:28,786:DEBUG - Let`s chill!
2023-10-03 09:01:28,786:DEBUG - Cleaning time!
2023-10-03 09:01:28,786:DEBUG - Cleaning time!
2023-10-03 09:01:28,788:DEBUG - Let`s chill!
2023-10-03 09:01:28,788:DEBUG - Let`s chill!
2023-10-03 09:01:28,788:DEBUG - Time for treats!
2023-10-03 09:01:28,788:DEBUG - drive True
2023-10-03 09:01:28,788:DEBUG - pass car to go shopping
2023-10-03 09:01:28,788:DEBUG - Let`s chill!
2023-10-03 09:01:28,789:DEBUG - Let`s chill!
2023-10-03 09:01:28,789:DEBUG - Cleaning time!
2023-10-03 09:01:28,789:DEBUG - Start working
2023-10-03 09:01:28,789:DEBUG - drive True
2023-10-03 09:01:28,789:DEBUG - pass car
2023-10-03 09:01:28,789:DEBUG - Let`s chill!
2023-10-03 09:01:28,790:DEBUG - Cleaning time!
2023-10-03 09:01:28,790:DEBUG - Let`s chill!
2023-10-03 09:01:28,790:DEBUG - Time for treats!
2023-10-03 09:01:28,790:DEBUG - drive True
2023-10-03 09:01:28,790:DEBUG - pass car to go shopping
2023-10-03 09:01:28,790:DEBUG - Let`s chill!
2023-10-03 09:01:28,790:DEBUG - Let`s chill!
2023-10-03 09:01:28,790:DEBUG - Cleaning time!
2023-10-03 09:01:28,791:DEBUG - Let`s chill!
2023-10-03 09:01:28,791:DEBUG - Let`s chill!
2023-10-03 09:01:28,791:DEBUG - Cleaning time!
2023-10-03 09:01:28,792:DEBUG - Time for treats!
2023-10-03 09:01:28,792:DEBUG - drive True
2023-10-03 09:01:28,792:DEBUG - pass car to go shopping
2023-10-03 09:01:28,792:DEBUG - Let`s chill!
2023-10-03 09:01:28,793:DEBUG - Let`s chill!
2023-10-03 09:01:28,793:DEBUG - Let`s chill!
2023-10-03 09:01:28,793:DEBUG - Time for treats!
2023-10-03 09:01:28,793:DEBUG - drive True
2023-10-03 09:01:28,793:DEBUG - pass car to go shopping
2023-10-03 09:01:28,793:DEBUG - Time for treats!
2023-10-03 09:01:28,794:DEBUG - drive True
2023-10-03 09:01:28,794:DEBUG - pass car to go shopping
2023-10-03 09:01:28,794:DEBUG - Start working
2023-10-03 09:01:28,794:DEBUG - The car cannot move
2023-10-03 09:01:28,794:DEBUG - The car cannot move
2023-10-03 09:01:28,794:DEBUG - manage fuel
2023-10-03 09:01:28,794:DEBUG - I bought fuel
2023-10-03 09:01:28,794:DEBUG - go work
2023-10-03 09:01:28,795:DEBUG - Cleaning time!
2023-10-03 09:01:28,795:DEBUG - Start working
2023-10-03 09:01:28,795:DEBUG - drive True
2023-10-03 09:01:28,795:DEBUG - pass car
2023-10-03 09:01:28,795:DEBUG - Cleaning time!
2023-10-03 09:01:28,795:DEBUG - Cleaning time!
2023-10-03 09:01:28,796:DEBUG - Let`s chill!
2023-10-03 09:01:28,796:DEBUG - Time for treats!
2023-10-03 09:01:28,796:DEBUG - drive True
2023-10-03 09:01:28,796:DEBUG - pass car to go shopping
2023-10-03 09:01:28,796:DEBUG - Let`s chill!
2023-10-03 09:01:28,796:DEBUG - Cleaning time!
2023-10-03 09:01:28,796:DEBUG - Start working
2023-10-03 09:01:28,796:DEBUG - drive True
2023-10-03 09:01:28,796:DEBUG - pass car
2023-10-03 09:01:28,797:DEBUG - Let`s chill!
2023-10-03 09:01:28,797:DEBUG - Let`s chill!
2023-10-03 09:01:28,797:DEBUG - Let`s chill!
2023-10-03 09:01:28,797:DEBUG - Cleaning time!
2023-10-03 09:01:28,798:DEBUG - Let`s chill!
2023-10-03 09:01:28,798:DEBUG - Let`s chill!
2023-10-03 09:01:28,798:DEBUG - Start working
2023-10-03 09:01:28,798:DEBUG - drive True
2023-10-03 09:01:28,798:DEBUG - pass car
2023-10-03 09:01:28,798:DEBUG - Let`s chill!
2023-10-03 09:01:28,799:DEBUG - I want to chill, butt here is somuch mess…
So I will clean the house
2023-10-03 09:01:28,799:DEBUG - Let`s chill!
2023-10-03 09:01:28,799:DEBUG - Let`s chill!
2023-10-03 09:01:28,799:DEBUG - Let`s chill!
2023-10-03 09:01:28,800:DEBUG - Start working
2023-10-03 09:01:28,800:DEBUG - drive True
2023-10-03 09:01:28,800:DEBUG - pass car
2023-10-03 09:01:28,800:DEBUG - I want to chill, butt here is somuch mess…
So I will clean the house
2023-10-03 09:01:28,800:DEBUG - Let`s chill!
2023-10-03 09:01:28,800:DEBUG - Let`s chill!
2023-10-03 09:01:28,800:DEBUG - Let`s chill!
2023-10-03 09:01:28,800:DEBUG - Start working
2023-10-03 09:01:28,801:DEBUG - drive True
2023-10-03 09:01:28,801:DEBUG - pass car
2023-10-03 09:01:28,801:DEBUG - I want to chill, butt here is somuch mess…
So I will clean the house
2023-10-03 09:01:28,801:DEBUG - Depression…!
2023-10-03 09:01:28,801:DEBUG - is alive false
